<?xml version="1.0" encoding="UTF-8"?>
<!-- Generated by org.testng.reporters.JUnitReportReporter -->
<testsuite hostname="DESKTOP-4O26EGV" failures="0" tests="1" name="com.hrms.testscripts.TC001" time="63.309" errors="0" timestamp="15 Apr 2022 16:52:39 GMT">
  <testcase classname="com.hrms.testscripts.TC001" name="tc001" time="63.309"/>
</testsuite> <!-- com.hrms.testscripts.TC001 -->
